Line 110: Class MSAdodcLib.Adodc of control Adodc4 was not a loaded control class.
Line 157: Class MSAdodcLib.Adodc of control Adodc3 was not a loaded control class.
Line 204: Class MSAdodcLib.Adodc of control Adodc2 was not a loaded control class.
Line 304: Class MSAdodcLib.Adodc of control Adodc1 was not a loaded control class.
Line 628: Class MSFlexGridLib.MSFlexGrid of control msf was not a loaded control class.
Line 1352: Class MSComCtl2.DTPicker of control bir was not a loaded control class.
Line 1699: Class MSComctlLib.TabStrip of control Tabs1 was not a loaded control class.
Line 116: The property name _ExtentX in Adodc4 is invalid.
Line 117: The property name _ExtentY in Adodc4 is invalid.
Line 118: The property name ConnectMode in Adodc4 is invalid.
Line 119: The property name CursorLocation in Adodc4 is invalid.
Line 120: The property name IsolationLevel in Adodc4 is invalid.
Line 121: The property name ConnectionTimeout in Adodc4 is invalid.
Line 122: The property name CommandTimeout in Adodc4 is invalid.
Line 123: The property name CursorType in Adodc4 is invalid.
Line 124: The property name LockType in Adodc4 is invalid.
Line 125: The property name CommandType in Adodc4 is invalid.
Line 126: The property name CursorOptions in Adodc4 is invalid.
Line 127: The property name CacheSize in Adodc4 is invalid.
Line 128: The property name MaxRecords in Adodc4 is invalid.
Line 129: The property name BOFAction in Adodc4 is invalid.
Line 130: The property name EOFAction in Adodc4 is invalid.
Line 131: The property name ConnectStringType in Adodc4 is invalid.
Line 135: The property name Orientation in Adodc4 is invalid.
Line 137: The property name Connect in Adodc4 is invalid.
Line 138: The property name OLEDBString in Adodc4 is invalid.
Line 139: The property name OLEDBFile in Adodc4 is invalid.
Line 140: The property name DataSourceName in Adodc4 is invalid.
Line 141: The property name OtherAttributes in Adodc4 is invalid.
Line 142: The property name UserName in Adodc4 is invalid.
Line 143: The property name Password in Adodc4 is invalid.
Line 144: The property name RecordSource in Adodc4 is invalid.
Line 145: The property name Caption in Adodc4 is invalid.
Line 155: The property name _Version in Adodc4 is invalid.
Line 163: The property name _ExtentX in Adodc3 is invalid.
Line 164: The property name _ExtentY in Adodc3 is invalid.
Line 165: The property name ConnectMode in Adodc3 is invalid.
Line 166: The property name CursorLocation in Adodc3 is invalid.
Line 167: The property name IsolationLevel in Adodc3 is invalid.
Line 168: The property name ConnectionTimeout in Adodc3 is invalid.
Line 169: The property name CommandTimeout in Adodc3 is invalid.
Line 170: The property name CursorType in Adodc3 is invalid.
Line 171: The property name LockType in Adodc3 is invalid.
Line 172: The property name CommandType in Adodc3 is invalid.
Line 173: The property name CursorOptions in Adodc3 is invalid.
Line 174: The property name CacheSize in Adodc3 is invalid.
Line 175: The property name MaxRecords in Adodc3 is invalid.
Line 176: The property name BOFAction in Adodc3 is invalid.
Line 177: The property name EOFAction in Adodc3 is invalid.
Line 178: The property name ConnectStringType in Adodc3 is invalid.
Line 182: The property name Orientation in Adodc3 is invalid.
Line 184: The property name Connect in Adodc3 is invalid.
Line 185: The property name OLEDBString in Adodc3 is invalid.
Line 186: The property name OLEDBFile in Adodc3 is invalid.
Line 187: The property name DataSourceName in Adodc3 is invalid.
Line 188: The property name OtherAttributes in Adodc3 is invalid.
Line 189: The property name UserName in Adodc3 is invalid.
Line 190: The property name Password in Adodc3 is invalid.
Line 191: The property name RecordSource in Adodc3 is invalid.
Line 192: The property name Caption in Adodc3 is invalid.
Line 202: The property name _Version in Adodc3 is invalid.
Line 210: The property name _ExtentX in Adodc2 is invalid.
Line 211: The property name _ExtentY in Adodc2 is invalid.
Line 212: The property name ConnectMode in Adodc2 is invalid.
Line 213: The property name CursorLocation in Adodc2 is invalid.
Line 214: The property name IsolationLevel in Adodc2 is invalid.
Line 215: The property name ConnectionTimeout in Adodc2 is invalid.
Line 216: The property name CommandTimeout in Adodc2 is invalid.
Line 217: The property name CursorType in Adodc2 is invalid.
Line 218: The property name LockType in Adodc2 is invalid.
Line 219: The property name CommandType in Adodc2 is invalid.
Line 220: The property name CursorOptions in Adodc2 is invalid.
Line 221: The property name CacheSize in Adodc2 is invalid.
Line 222: The property name MaxRecords in Adodc2 is invalid.
Line 223: The property name BOFAction in Adodc2 is invalid.
Line 224: The property name EOFAction in Adodc2 is invalid.
Line 225: The property name ConnectStringType in Adodc2 is invalid.
Line 229: The property name Orientation in Adodc2 is invalid.
Line 231: The property name Connect in Adodc2 is invalid.
Line 232: The property name OLEDBString in Adodc2 is invalid.
Line 233: The property name OLEDBFile in Adodc2 is invalid.
Line 234: The property name DataSourceName in Adodc2 is invalid.
Line 235: The property name OtherAttributes in Adodc2 is invalid.
Line 236: The property name UserName in Adodc2 is invalid.
Line 237: The property name Password in Adodc2 is invalid.
Line 238: The property name RecordSource in Adodc2 is invalid.
Line 239: The property name Caption in Adodc2 is invalid.
Line 249: The property name _Version in Adodc2 is invalid.
Line 310: The property name _ExtentX in Adodc1 is invalid.
Line 311: The property name _ExtentY in Adodc1 is invalid.
Line 312: The property name ConnectMode in Adodc1 is invalid.
Line 313: The property name CursorLocation in Adodc1 is invalid.
Line 314: The property name IsolationLevel in Adodc1 is invalid.
Line 315: The property name ConnectionTimeout in Adodc1 is invalid.
Line 316: The property name CommandTimeout in Adodc1 is invalid.
Line 317: The property name CursorType in Adodc1 is invalid.
Line 318: The property name LockType in Adodc1 is invalid.
Line 319: The property name CommandType in Adodc1 is invalid.
Line 320: The property name CursorOptions in Adodc1 is invalid.
Line 321: The property name CacheSize in Adodc1 is invalid.
Line 322: The property name MaxRecords in Adodc1 is invalid.
Line 323: The property name BOFAction in Adodc1 is invalid.
Line 324: The property name EOFAction in Adodc1 is invalid.
Line 325: The property name ConnectStringType in Adodc1 is invalid.
Line 329: The property name Orientation in Adodc1 is invalid.
Line 331: The property name Connect in Adodc1 is invalid.
Line 332: The property name OLEDBString in Adodc1 is invalid.
Line 333: The property name OLEDBFile in Adodc1 is invalid.
Line 334: The property name DataSourceName in Adodc1 is invalid.
Line 335: The property name OtherAttributes in Adodc1 is invalid.
Line 336: The property name UserName in Adodc1 is invalid.
Line 337: The property name Password in Adodc1 is invalid.
Line 338: The property name RecordSource in Adodc1 is invalid.
Line 339: The property name Caption in Adodc1 is invalid.
Line 349: The property name _Version in Adodc1 is invalid.
Line 634: The property name _ExtentX in msf is invalid.
Line 635: The property name _ExtentY in msf is invalid.
Line 636: The property name _Version in msf is invalid.
Line 637: The property name Cols in msf is invalid.
Line 638: The property name RowHeightMin in msf is invalid.
Line 1358: The property name _ExtentX in bir is invalid.
Line 1359: The property name _ExtentY in bir is invalid.
Line 1360: The property name _Version in bir is invalid.
Line 1370: The property name Format in bir is invalid.
Line 1371: The property name CurrentDate in bir is invalid.
Line 1705: The property name _ExtentX in Tabs1 is invalid.
Line 1706: The property name _ExtentY in Tabs1 is invalid.
Line 1707: The property name MultiRow in Tabs1 is invalid.
Line 1708: The property name TabFixedWidth in Tabs1 is invalid.
Line 1709: The property name _Version in Tabs1 is invalid.
Line 1748: The property name Tabs in Tabs1 is invalid.
